<?xml version="1.0" encoding="UTF-8"?>
<!-- Generated by org.testng.reporters.JUnitReportReporter -->
<testsuite hostname="acer-PC" name="TestNG.PriorityDeopends" tests="4" failures="0" timestamp="14 Aug 2018 04:30:23 GMT" time="0.046" errors="0">
  <testcase name="T4" time="0.003" classname="TestNG.PriorityDeopends"/>
  <testcase name="T2" time="0.003" classname="TestNG.PriorityDeopends"/>
  <testcase name="T1" time="0.036" classname="TestNG.PriorityDeopends"/>
  <testcase name="T3" time="0.004" classname="TestNG.PriorityDeopends"/>
</testsuite> <!-- TestNG.PriorityDeopends -->
